Android/app/build/intermediates/manifest_merge_blame_file/debug/manifest-merger-blame-debug-report.txt
1<?xml version="1.0" encoding="utf-8"?>
2<manifest xmlns:android="http://schemas.android.com/apk/res/android"
3    package="com.tencent.qcloud.tim.tuikit"
4    android:versionCode="1"
5    android:versionName="8.1.6116" >
6
7    <uses-sdk
8        android:minSdkVersion="19"
8-->src/main/AndroidManifest.xml
9        android:targetSdkVersion="33" />
9-->src/main/AndroidManifest.xml
10    <!-- ********魅族推送权限设置******** -->
11    <!-- 兼容flyme5.0以下版本，魅族内部集成pushSDK必填，不然无法收到消息 -->
12    <uses-permission android:name="com.meizu.flyme.push.permission.RECEIVE" />
12-->[com.tencent.timpush:meizu:8.1.6103] AndroidManifest.xml:11:5-79
12-->[com.tencent.timpush:meizu:8.1.6103] AndroidManifest.xml:11:22-76
13
14    <permission
14-->[com.tencent.timpush:meizu:8.1.6103] AndroidManifest.xml:13:5-15:47
15        android:name="com.tencent.qcloud.tim.tuikit.push.permission.MESSAGE"
15-->[com.tencent.timpush:meizu:8.1.6103] AndroidManifest.xml:14:9-64
16        android:protectionLevel="signature" />
16-->[com.tencent.timpush:meizu:8.1.6103] AndroidManifest.xml:15:9-44
17
18    <uses-permission android:name="com.tencent.qcloud.tim.tuikit.push.permission.MESSAGE" /> <!-- 兼容flyme3.0配置权限 -->
18-->[com.tencent.timpush:meizu:8.1.6103] AndroidManifest.xml:17:5-80
18-->[com.tencent.timpush:meizu:8.1.6103] AndroidManifest.xml:17:22-77
19    <uses-permission android:name="com.meizu.c2dm.permission.RECEIVE" />
19-->[com.tencent.timpush:meizu:8.1.6103] AndroidManifest.xml:20:5-73
19-->[com.tencent.timpush:meizu:8.1.6103] AndroidManifest.xml:20:22-70
20
21    <permission
21-->[com.tencent.timpush:meizu:8.1.6103] AndroidManifest.xml:22:5-24:47
22        android:name="com.tencent.qcloud.tim.tuikit.permission.C2D_MESSAGE"
22-->[com.tencent.timpush:meizu:8.1.6103] AndroidManifest.xml:23:9-63
23        android:protectionLevel="signature" />
23-->[com.tencent.timpush:meizu:8.1.6103] AndroidManifest.xml:24:9-44
24
25    <uses-permission android:name="com.tencent.qcloud.tim.tuikit.permission.C2D_MESSAGE" /> <!-- ********OPPO 推送 start******** -->
25-->[com.tencent.timpush:meizu:8.1.6103] AndroidManifest.xml:26:5-79
25-->[com.tencent.timpush:meizu:8.1.6103] AndroidManifest.xml:26:22-76
26    <uses-permission android:name="com.coloros.mcs.permission.RECIEVE_MCS_MESSAGE" />
26-->[com.tencent.timpush:oppo:8.1.6103] AndroidManifest.xml:11:5-86
26-->[com.tencent.timpush:oppo:8.1.6103] AndroidManifest.xml:11:22-83
27    <uses-permission android:name="com.heytap.mcs.permission.RECIEVE_MCS_MESSAGE" /> <!-- ********华为推送权限设置******** -->
27-->[com.tencent.timpush:oppo:8.1.6103] AndroidManifest.xml:12:5-85
27-->[com.tencent.timpush:oppo:8.1.6103] AndroidManifest.xml:12:22-82
28    <uses-permission android:name="com.huawei.android.launcher.permission.CHANGE_BADGE" />
28-->[com.tencent.timpush:huawei:8.1.6103] AndroidManifest.xml:11:5-91
28-->[com.tencent.timpush:huawei:8.1.6103] AndroidManifest.xml:11:22-88
29
30    <queries>
30-->[com.tencent.timpush:honor:8.1.6103] AndroidManifest.xml:10:5-14:15
31        <intent>
31-->[com.tencent.timpush:honor:8.1.6103] AndroidManifest.xml:11:9-13:18
32            <action android:name="com.hihonor.push.action.BIND_PUSH_SERVICE" />
32-->[com.tencent.timpush:honor:8.1.6103] AndroidManifest.xml:12:13-80
32-->[com.tencent.timpush:honor:8.1.6103] AndroidManifest.xml:12:21-77
33        </intent>
34
35        <package android:name="com.huawei.multimedia.audioengine" />
35-->[com.tencent.liteav:LiteAVSDK_TRTC:11.8.0.14176] AndroidManifest.xml:20:9-69
35-->[com.tencent.liteav:LiteAVSDK_TRTC:11.8.0.14176] AndroidManifest.xml:20:18-66
36
37        <intent>
37-->[com.huawei.hms:device:6.9.0.300] AndroidManifest.xml:15:9-17:18
38            <action android:name="com.huawei.hms.core.aidlservice" />
38-->[com.huawei.hms:device:6.9.0.300] AndroidManifest.xml:16:13-70
38-->[com.huawei.hms:device:6.9.0.300] AndroidManifest.xml:16:21-67
39        </intent>
40        <intent>
40-->[com.huawei.hms:device:6.9.0.300] AndroidManifest.xml:18:9-20:18
41            <action android:name="com.huawei.hms.core" />
41-->[com.huawei.hms:device:6.9.0.300] AndroidManifest.xml:19:13-58
41-->[com.huawei.hms:device:6.9.0.300] AndroidManifest.xml:19:21-55
42        </intent>
43    </queries>
44
45    <uses-permission
45-->[:tuichat] AndroidManifest.xml:9:5-11:38
46        android:name="android.permission.WRITE_EXTERNAL_STORAGE"
46-->[:tuichat] AndroidManifest.xml:10:9-65
47        android:maxSdkVersion="28" />
47-->[:tuichat] AndroidManifest.xml:11:9-35
48    <uses-permission android:name="android.permission.CAMERA" />
48-->[:tuichat] AndroidManifest.xml:12:5-65
48-->[:tuichat] AndroidManifest.xml:12:22-62
49    <uses-permission android:name="android.permission.RECORD_AUDIO" />
49-->[:tuichat] AndroidManifest.xml:13:5-71
49-->[:tuichat] AndroidManifest.xml:13:22-68
50    <uses-permission android:name="android.permission.MODIFY_AUDIO_SETTINGS" />
50-->[:tuichat] AndroidManifest.xml:14:5-80
50-->[:tuichat] AndroidManifest.xml:14:22-77
51    <uses-permission android:name="android.permission.READ_EXTERNAL_STORAGE" />
52    <uses-permission android:name="android.permission.FOREGROUND_SERVICE" />
52-->[:tuicallkit-kt] AndroidManifest.xml:9:5-77
52-->[:tuicallkit-kt] AndroidManifest.xml:9:22-74
53    <uses-permission android:name="android.permission.FOREGROUND_SERVICE_CAMERA" />
53-->[:tuicallkit-kt] AndroidManifest.xml:10:5-84
53-->[:tuicallkit-kt] AndroidManifest.xml:10:22-81
54    <uses-permission android:name="android.permission.FOREGROUND_SERVICE_MICROPHONE" />
54-->[:tuicallkit-kt] AndroidManifest.xml:11:5-88
54-->[:tuicallkit-kt] AndroidManifest.xml:11:22-85
55    <uses-permission android:name="android.permission.FOREGROUND_SERVICE_CONNECTED_DEVICE" />
55-->[:tuicallkit-kt] AndroidManifest.xml:12:5-94
55-->[:tuicallkit-kt] AndroidManifest.xml:12:22-91
56    <uses-permission android:name="android.permission.SYSTEM_ALERT_WINDOW" />
56-->[:tuicallkit-kt] AndroidManifest.xml:13:5-78
56-->[:tuicallkit-kt] AndroidManifest.xml:13:22-75
57    <uses-permission android:name="android.permission.WAKE_LOCK" />
57-->[:tuicallkit-kt] AndroidManifest.xml:14:5-68
57-->[:tuicallkit-kt] AndroidManifest.xml:14:22-65
58    <uses-permission android:name="android.permission.INTERNET" />
58-->[:tuicallkit-kt] AndroidManifest.xml:15:5-67
58-->[:tuicallkit-kt] AndroidManifest.xml:15:22-64
59
60    <uses-feature android:name="android.hardware.camera" />
60-->[:tuicallkit-kt] AndroidManifest.xml:20:5-60
60-->[:tuicallkit-kt] AndroidManifest.xml:20:19-57
61    <uses-feature android:name="android.hardware.camera.autofocus" />
61-->[:tuicallkit-kt] AndroidManifest.xml:21:5-70
61-->[:tuicallkit-kt] AndroidManifest.xml:21:19-67
62
63    <uses-permission
63-->[:tuicallkit-kt] AndroidManifest.xml:23:5-25:38
64        android:name="android.permission.BLUETOOTH"
64-->[:tuicallkit-kt] AndroidManifest.xml:24:9-52
65        android:maxSdkVersion="30" />
65-->[:tuicallkit-kt] AndroidManifest.xml:25:9-35
66    <uses-permission
66-->[:tuicallkit-kt] AndroidManifest.xml:26:5-28:38
67        android:name="android.permission.BLUETOOTH_ADMIN"
67-->[:tuicallkit-kt] AndroidManifest.xml:27:9-58
68        android:maxSdkVersion="30" /> <!-- Support Android S(31) Bluetooth -->
68-->[:tuicallkit-kt] AndroidManifest.xml:28:9-35
69    <uses-permission android:name="android.permission.BLUETOOTH_CONNECT" />
69-->[:tuicallkit-kt] AndroidManifest.xml:30:5-76
69-->[:tuicallkit-kt] AndroidManifest.xml:30:22-73
70    <uses-permission android:name="android.permission.ACCESS_NOTIFICATION_POLICY" />
70-->[:tuicallkit-kt] AndroidManifest.xml:31:5-85
70-->[:tuicallkit-kt] AndroidManifest.xml:31:22-82
71    <uses-permission android:name="android.permission.POST_NOTIFICATIONS" />
71-->[:tuicallkit-kt] AndroidManifest.xml:32:5-77
71-->[:tuicallkit-kt] AndroidManifest.xml:32:22-74
72    <uses-permission android:name="android.permission.MANAGE_OWN_CALLS" />
72-->[:tuicallkit-kt] AndroidManifest.xml:33:5-75
72-->[:tuicallkit-kt] AndroidManifest.xml:33:22-72
73    <uses-permission android:name="android.permission.ACCESS_NETWORK_STATE" /> <!-- Required by older versions of Google Play services to create IID tokens -->
73-->[com.google.firebase:firebase-messaging:23.1.2] AndroidManifest.xml:24:5-79
73-->[com.google.firebase:firebase-messaging:23.1.2] AndroidManifest.xml:24:22-76
74    <uses-permission android:name="com.google.android.c2dm.permission.RECEIVE" />
74-->[com.google.firebase:firebase-messaging:23.1.2] AndroidManifest.xml:28:5-82
74-->[com.google.firebase:firebase-messaging:23.1.2] AndroidManifest.xml:28:22-79
75    <uses-permission android:name="android.permission.ACCESS_WIFI_STATE" />
75-->[com.tencent.timpush:xiaomi-vendor:5.9.9] AndroidManifest.xml:10:5-76
75-->[com.tencent.timpush:xiaomi-vendor:5.9.9] AndroidManifest.xml:10:22-73
76    <uses-permission android:name="android.permission.VIBRATE" /> <!-- 这里applicationId为app的包名 -->
76-->[com.tencent.timpush:xiaomi-vendor:5.9.9] AndroidManifest.xml:11:5-66
76-->[com.tencent.timpush:xiaomi-vendor:5.9.9] AndroidManifest.xml:11:22-63
77    <permission
77-->[com.tencent.timpush:xiaomi-vendor:5.9.9] AndroidManifest.xml:13:5-15:47
78        android:name="com.tencent.qcloud.tim.tuikit.permission.MIPUSH_RECEIVE"
78-->[com.tencent.timpush:xiaomi-vendor:5.9.9] AndroidManifest.xml:14:9-66
79        android:protectionLevel="signature" /> <!-- 这里applicationId为app的包名 -->
79-->[com.tencent.timpush:xiaomi-vendor:5.9.9] AndroidManifest.xml:15:9-44
80    <uses-permission android:name="com.tencent.qcloud.tim.tuikit.permission.MIPUSH_RECEIVE" />
80-->[com.tencent.timpush:xiaomi-vendor:5.9.9] AndroidManifest.xml:16:5-82
80-->[com.tencent.timpush:xiaomi-vendor:5.9.9] AndroidManifest.xml:16:22-79
81
82    <permission
82-->[com.huawei.hms:push:6.11.0.300] AndroidManifest.xml:9:5-11:47
83        android:name="com.tencent.qcloud.tim.tuikit.permission.PROCESS_PUSH_MSG"
83-->[com.huawei.hms:push:6.11.0.300] AndroidManifest.xml:10:9-68
84        android:protectionLevel="signature" /> <!-- PUSH_PROVIDER and PUSH_WRITE_PROVIDER are both provider registered permissions for the notification switch. -->
84-->[com.huawei.hms:push:6.11.0.300] AndroidManifest.xml:11:9-44
85    <!-- The SDK's notification bar switch, EMUI 9.x becomes write to the local sp, sharing the file through the provider to the push-rom, which reads the sp file to get the status of the notification bar switch. -->
86    <permission
86-->[com.huawei.hms:push:6.11.0.300] AndroidManifest.xml:14:5-16:47
87        android:name="com.tencent.qcloud.tim.tuikit.permission.PUSH_PROVIDER"
87-->[com.huawei.hms:push:6.11.0.300] AndroidManifest.xml:15:9-65
88        android:protectionLevel="signature" />
88-->[com.huawei.hms:push:6.11.0.300] AndroidManifest.xml:16:9-44
89    <permission
89-->[com.huawei.hms:push:6.11.0.300] AndroidManifest.xml:17:5-19:47
90        android:name="com.tencent.qcloud.tim.tuikit.permission.PUSH_WRITE_PROVIDER"
90-->[com.huawei.hms:push:6.11.0.300] AndroidManifest.xml:18:9-71
91        android:protectionLevel="signature" />
91-->[com.huawei.hms:push:6.11.0.300] AndroidManifest.xml:19:9-44
92
93    <uses-permission android:name="com.tencent.qcloud.tim.tuikit.permission.PROCESS_PUSH_MSG" />
93-->[com.huawei.hms:push:6.11.0.300] AndroidManifest.xml:21:5-84
93-->[com.huawei.hms:push:6.11.0.300] AndroidManifest.xml:21:22-81
94    <uses-permission android:name="com.tencent.qcloud.tim.tuikit.permission.PUSH_PROVIDER" />
94-->[com.huawei.hms:push:6.11.0.300] AndroidManifest.xml:22:5-81
94-->[com.huawei.hms:push:6.11.0.300] AndroidManifest.xml:22:22-78
95    <uses-permission android:name="com.hihonor.push.permission.READ_PUSH_NOTIFICATION_INFO" />
95-->[com.hihonor.mcs:push:7.0.61.302] AndroidManifest.xml:11:5-95
95-->[com.hihonor.mcs:push:7.0.61.302] AndroidManifest.xml:11:22-92
96    <uses-permission android:name="android.permission.FOREGROUND_SERVICE_MEDIA_PROJECTION" />
96-->[com.tencent.liteav:LiteAVSDK_TRTC:11.8.0.14176] AndroidManifest.xml:15:5-94
96-->[com.tencent.liteav:LiteAVSDK_TRTC:11.8.0.14176] AndroidManifest.xml:15:22-91
97
98    <application
98-->src/main/AndroidManifest.xml:2:3-37:17
99        xmlns:android="http://schemas.android.com/apk/res/android"
99-->src/main/AndroidManifest.xml:2:16-74
100        android:name="com.tencent.qcloud.tim.demo.DemoApplication"
100-->src/main/AndroidManifest.xml:2:140-198
101        android:allowBackup="false"
101-->src/main/AndroidManifest.xml:2:272-299
102        android:appComponentFactory="androidx.core.app.CoreComponentFactory"
102-->[androidx.core:core:1.5.0] AndroidManifest.xml:24:18-86
103        android:debuggable="true"
104        android:icon="@drawable/ic_launcher"
104-->src/main/AndroidManifest.xml:2:235-271
105        android:label="@string/demo_app_name"
105-->src/main/AndroidManifest.xml:2:102-139
106        android:supportsRtl="true"
106-->src/main/AndroidManifest.xml:2:75-101
107        android:theme="@style/DemoAppTheme"
107-->src/main/AndroidManifest.xml:2:199-234
108        android:usesCleartextTraffic="true" >
108-->[com.tencent.liteav:LiteAVSDK_TRTC:11.8.0.14176] AndroidManifest.xml:25:9-44
109        <activity
109-->src/main/AndroidManifest.xml:3:5-11:16
110            android:name="com.tencent.qcloud.tim.demo.SplashActivity"
110-->src/main/AndroidManifest.xml:3:52-109
111            android:exported="true"
111-->src/main/AndroidManifest.xml:3:145-168
112            android:screenOrientation="portrait"
112-->src/main/AndroidManifest.xml:3:15-51
113            android:theme="@style/SplashTheme" >
113-->src/main/AndroidManifest.xml:3:110-144
114            <intent-filter>
114-->src/main/AndroidManifest.xml:4:7-10:23
115                <action android:name="android.intent.action.VIEW" />
115-->src/main/AndroidManifest.xml:5:9-60
115-->src/main/AndroidManifest.xml:5:17-58
116                <action android:name="android.intent.action.MAIN" />
116-->src/main/AndroidManifest.xml:6:9-60
116-->src/main/AndroidManifest.xml:6:17-58
117                <action android:name="com.tencent.qloud.splash" />
117-->src/main/AndroidManifest.xml:7:9-58
117-->src/main/AndroidManifest.xml:7:17-56
118
119                <category android:name="android.intent.category.DEFAULT" />
119-->src/main/AndroidManifest.xml:8:9-67
119-->src/main/AndroidManifest.xml:8:19-65
120                <category android:name="android.intent.category.LAUNCHER" />
120-->src/main/AndroidManifest.xml:9:9-68
120-->src/main/AndroidManifest.xml:9:19-66
121            </intent-filter>
122        </activity>
123        <activity
123-->src/main/AndroidManifest.xml:13:5-154
124            android:name="com.tencent.qcloud.tim.demo.login.LoginForDevActivity"
124-->src/main/AndroidManifest.xml:13:84-152
125            android:launchMode="singleTask"
125-->src/main/AndroidManifest.xml:13:52-83
126            android:screenOrientation="portrait" />
126-->src/main/AndroidManifest.xml:13:15-51
127        <activity
127-->src/main/AndroidManifest.xml:14:5-125
128            android:name="com.tencent.qcloud.tim.demo.login.LanguageSelectActivity"
128-->src/main/AndroidManifest.xml:14:15-86
129            android:screenOrientation="portrait" />
129-->src/main/AndroidManifest.xml:14:87-123
130        <activity
130-->src/main/AndroidManifest.xml:15:5-122
131            android:name="com.tencent.qcloud.tim.demo.login.ThemeSelectActivity"
131-->src/main/AndroidManifest.xml:15:15-83
132            android:screenOrientation="portrait" />
132-->src/main/AndroidManifest.xml:15:84-120
133        <activity
133-->src/main/AndroidManifest.xml:16:5-122
134            android:name="com.tencent.qcloud.tim.demo.login.StyleSelectActivity"
134-->src/main/AndroidManifest.xml:16:15-83
135            android:screenOrientation="portrait" />
135-->src/main/AndroidManifest.xml:16:84-120
136        <activity
136-->src/main/AndroidManifest.xml:17:5-24:16
137            android:name="com.tencent.qcloud.tim.demo.main.MainActivity"
137-->src/main/AndroidManifest.xml:17:84-144
138            android:exported="true"
138-->src/main/AndroidManifest.xml:17:181-204
139            android:launchMode="singleTask"
139-->src/main/AndroidManifest.xml:17:52-83
140            android:screenOrientation="portrait"
140-->src/main/AndroidManifest.xml:17:15-51
141            android:theme="@style/DemoAppTheme"
141-->src/main/AndroidManifest.xml:17:145-180
142            android:windowSoftInputMode="adjustResize|stateHidden" >
142-->src/main/AndroidManifest.xml:17:205-259
143            <intent-filter>
143-->src/main/AndroidManifest.xml:18:7-23:23
144                <action android:name="android.intent.action.VIEW" />
144-->src/main/AndroidManifest.xml:5:9-60
144-->src/main/AndroidManifest.xml:5:17-58
145
146                <category android:name="android.intent.category.DEFAULT" />
146-->src/main/AndroidManifest.xml:8:9-67
146-->src/main/AndroidManifest.xml:8:19-65
147                <category android:name="android.intent.category.BROWSABLE" />
147-->src/main/AndroidManifest.xml:21:9-69
147-->src/main/AndroidManifest.xml:21:19-67
148
149                <data
149-->src/main/AndroidManifest.xml:22:9-101
150                    android:host="com.tencent.qcloud"
150-->src/main/AndroidManifest.xml:22:66-99
151                    android:path="/detail"
151-->src/main/AndroidManifest.xml:22:43-65
152                    android:scheme="pushscheme" />
152-->src/main/AndroidManifest.xml:22:15-42
153            </intent-filter>
154        </activity>
155        <activity
155-->src/main/AndroidManifest.xml:25:5-123
156            android:name="com.tencent.qcloud.tim.demo.profile.SelfDetailActivity"
156-->src/main/AndroidManifest.xml:25:15-84
157            android:screenOrientation="portrait" />
157-->src/main/AndroidManifest.xml:25:85-121
158        <activity
158-->src/main/AndroidManifest.xml:26:5-120
159            android:name="com.tencent.qcloud.tim.demo.profile.AboutIMActivity"
159-->src/main/AndroidManifest.xml:26:15-81
160            android:screenOrientation="portrait" />
160-->src/main/AndroidManifest.xml:26:82-118
161        <activity
161-->src/main/AndroidManifest.xml:27:5-34:16
162            android:name="com.tencent.qcloud.tim.demo.main.MainMinimalistActivity"
162-->src/main/AndroidManifest.xml:27:84-154
163            android:exported="true"
163-->src/main/AndroidManifest.xml:27:191-214
164            android:launchMode="singleTask"
164-->src/main/AndroidManifest.xml:27:52-83
165            android:screenOrientation="portrait"
165-->src/main/AndroidManifest.xml:27:15-51
166            android:theme="@style/DemoAppTheme"
166-->src/main/AndroidManifest.xml:27:155-190
167            android:windowSoftInputMode="adjustResize|stateHidden" >
167-->src/main/AndroidManifest.xml:27:215-269
168            <intent-filter>
168-->src/main/AndroidManifest.xml:18:7-23:23
169                <action android:name="android.intent.action.VIEW" />
169-->src/main/AndroidManifest.xml:5:9-60
169-->src/main/AndroidManifest.xml:5:17-58
170
171                <category android:name="android.intent.category.DEFAULT" />
171-->src/main/AndroidManifest.xml:8:9-67
171-->src/main/AndroidManifest.xml:8:19-65
172                <category android:name="android.intent.category.BROWSABLE" />
172-->src/main/AndroidManifest.xml:21:9-69
172-->src/main/AndroidManifest.xml:21:19-67
173
174                <data
174-->src/main/AndroidManifest.xml:22:9-101
175                    android:host="com.tencent.qcloud"
175-->src/main/AndroidManifest.xml:22:66-99
176                    android:path="/detail"
176-->src/main/AndroidManifest.xml:22:43-65
177                    android:scheme="pushscheme" />
177-->src/main/AndroidManifest.xml:22:15-42
178            </intent-filter>
179        </activity>
180        <activity
180-->src/main/AndroidManifest.xml:35:5-133
181            android:name="com.tencent.qcloud.tim.demo.profile.SelfDetailMinamalistActivity"
181-->src/main/AndroidManifest.xml:35:15-94
182            android:screenOrientation="portrait" />
182-->src/main/AndroidManifest.xml:35:95-131
183        <activity
183-->src/main/AndroidManifest.xml:36:5-130
184            android:name="com.tencent.qcloud.tim.demo.profile.AboutIMMinamalistActivity"
184-->src/main/AndroidManifest.xml:36:15-91
185            android:screenOrientation="portrait" />
185-->src/main/AndroidManifest.xml:36:92-128
186        <activity
186-->[com.tencent.timpush:timpush:8.1.6103] AndroidManifest.xml:11:9-30:20
187            android:name="com.tencent.qcloud.tim.push.TIMPushOpenActivity"
187-->[com.tencent.timpush:timpush:8.1.6103] AndroidManifest.xml:12:13-75
188            android:exported="true"
188-->[com.tencent.timpush:timpush:8.1.6103] AndroidManifest.xml:13:13-36
189            android:launchMode="singleTask"
189-->[com.tencent.timpush:timpush:8.1.6103] AndroidManifest.xml:14:13-44
190            android:theme="@android:style/Theme.Translucent.NoTitleBar"
190-->[com.tencent.timpush:timpush:8.1.6103] AndroidManifest.xml:15:13-72
191            android:windowSoftInputMode="adjustResize|stateHidden" >
191-->[com.tencent.timpush:timpush:8.1.6103] AndroidManifest.xml:16:13-67
192
193            <!-- 离线推送打开应用内页面 -->
194            <intent-filter>
194-->[com.tencent.timpush:timpush:8.1.6103] AndroidManifest.xml:19:13-29:29
195                <action android:name="android.intent.action.VIEW" />
195-->src/main/AndroidManifest.xml:5:9-60
195-->src/main/AndroidManifest.xml:5:17-58
196
197                <category android:name="android.intent.category.DEFAULT" />
197-->src/main/AndroidManifest.xml:8:9-67
197-->src/main/AndroidManifest.xml:8:19-65
198                <category android:name="android.intent.category.BROWSABLE" />
198-->src/main/AndroidManifest.xml:21:9-69
198-->src/main/AndroidManifest.xml:21:19-67
199
200                <data
200-->src/main/AndroidManifest.xml:22:9-101
201                    android:host="com.tencent.qcloud.uniapp"
201-->src/main/AndroidManifest.xml:22:66-99
202                    android:path="/detail"
202-->src/main/AndroidManifest.xml:22:43-65
203                    android:scheme="pushscheme" />
203-->src/main/AndroidManifest.xml:22:15-42
204            </intent-filter>
205        </activity>
206
207        <service
207-->[com.tencent.timpush:timpush:8.1.6103] AndroidManifest.xml:32:9-39:19
208            android:name="com.tencent.qcloud.tim.push.notification.NotificationResourceDownloader"
208-->[com.tencent.timpush:timpush:8.1.6103] AndroidManifest.xml:33:13-99
209            android:exported="false" >
209-->[com.tencent.timpush:timpush:8.1.6103] AndroidManifest.xml:34:13-37
210            <intent-filter>
210-->[com.tencent.timpush:timpush:8.1.6103] AndroidManifest.xml:36:13-38:29
211                <action android:name="com.tencent.timpush.intentservice" />
211-->[com.tencent.timpush:timpush:8.1.6103] AndroidManifest.xml:37:17-76
211-->[com.tencent.timpush:timpush:8.1.6103] AndroidManifest.xml:37:25-73
212            </intent-filter>
213        </service>
214
215        <provider
215-->[com.tencent.timpush:timpush:8.1.6103] AndroidManifest.xml:41:9-46:40
216            android:name="com.tencent.qcloud.tim.push.TIMPushEntry"
216-->[com.tencent.timpush:timpush:8.1.6103] AndroidManifest.xml:42:13-68
217            android:authorities="com.tencent.qcloud.tim.tuikit.TIMPush.Init"
217-->[com.tencent.timpush:timpush:8.1.6103] AndroidManifest.xml:43:13-64
218            android:enabled="true"
218-->[com.tencent.timpush:timpush:8.1.6103] AndroidManifest.xml:44:13-35
219            android:exported="false"
219-->[com.tencent.timpush:timpush:8.1.6103] AndroidManifest.xml:45:13-37
220            android:initOrder="8000" />
220-->[com.tencent.timpush:timpush:8.1.6103] AndroidManifest.xml:46:13-37
221        <provider
221-->[com.tencent.timpush:fcm:8.1.6103] AndroidManifest.xml:11:9-16:40
222            android:name="com.tencent.timpush.fcm.TIMPushFCMService"
222-->[com.tencent.timpush:fcm:8.1.6103] AndroidManifest.xml:12:13-69
223            android:authorities="com.tencent.qcloud.tim.tuikit.fcmPush.Init"
223-->[com.tencent.timpush:fcm:8.1.6103] AndroidManifest.xml:13:13-64
224            android:enabled="true"
224-->[com.tencent.timpush:fcm:8.1.6103] AndroidManifest.xml:14:13-35
225            android:exported="false"
225-->[com.tencent.timpush:fcm:8.1.6103] AndroidManifest.xml:15:13-37
226            android:initOrder="8001" /> <!-- ********海外google云消息传递start******** -->
226-->[com.tencent.timpush:fcm:8.1.6103] AndroidManifest.xml:16:13-37
227        <service
227-->[com.tencent.timpush:fcm:8.1.6103] AndroidManifest.xml:19:9-25:19
228            android:name="com.tencent.timpush.fcm.TIMPushFCMMsgService"
228-->[com.tencent.timpush:fcm:8.1.6103] AndroidManifest.xml:20:13-72
229            android:exported="false" >
229-->[com.tencent.timpush:fcm:8.1.6103] AndroidManifest.xml:21:13-37
230            <intent-filter>
230-->[com.tencent.timpush:fcm:8.1.6103] AndroidManifest.xml:22:13-24:29
231                <action android:name="com.google.firebase.MESSAGING_EVENT" />
231-->[com.tencent.timpush:fcm:8.1.6103] AndroidManifest.xml:23:17-78
231-->[com.tencent.timpush:fcm:8.1.6103] AndroidManifest.xml:23:25-75
232            </intent-filter>
233        </service> <!-- [START fcm_default_icon] -->
234        <!--
235             Set custom default icon. This is used when no icon is set for incoming notification messages.
236             See README(https://goo.gl/l4GJaQ) for more.
237        -->
238        <meta-data
238-->[com.tencent.timpush:fcm:8.1.6103] AndroidManifest.xml:32:9-35:48
239            android:name="com.google.firebase.messaging.default_notification_icon"
239-->[com.tencent.timpush:fcm:8.1.6103] AndroidManifest.xml:33:13-83
240            android:resource="@drawable/fcm_private_icon" />
240-->[com.tencent.timpush:fcm:8.1.6103] AndroidManifest.xml:34:13-58
241        <!--
242             Set color used with incoming notification messages. This is used when no color is set for the incoming
243             notification message. See README(https://goo.gl/6BKBk7) for more.
244        -->
245        <meta-data
245-->[com.tencent.timpush:fcm:8.1.6103] AndroidManifest.xml:40:9-43:48
246            android:name="com.google.firebase.messaging.default_notification_color"
246-->[com.tencent.timpush:fcm:8.1.6103] AndroidManifest.xml:41:13-84
247            android:resource="@android:color/white" /> <!-- 合规 -->
247-->[com.tencent.timpush:fcm:8.1.6103] AndroidManifest.xml:42:13-52
248        <meta-data
248-->[com.tencent.timpush:xiaomi:8.1.6103] AndroidManifest.xml:12:9-14:37
249            android:name="supportGetAndroidID"
249-->[com.tencent.timpush:xiaomi:8.1.6103] AndroidManifest.xml:13:13-47
250            android:value="false" />
250-->[com.tencent.timpush:xiaomi:8.1.6103] AndroidManifest.xml:14:13-34
251
252        <provider
252-->[com.tencent.timpush:xiaomi:8.1.6103] AndroidManifest.xml:16:9-21:40
253            android:name="com.tencent.timpush.xiaomi.TIMPushXiaoMiService"
253-->[com.tencent.timpush:xiaomi:8.1.6103] AndroidManifest.xml:17:13-75
254            android:authorities="com.tencent.qcloud.tim.tuikit.xiaomiPush.Init"
254-->[com.tencent.timpush:xiaomi:8.1.6103] AndroidManifest.xml:18:13-67
255            android:enabled="true"
255-->[com.tencent.timpush:xiaomi:8.1.6103] AndroidManifest.xml:19:13-35
256            android:exported="false"
256-->[com.tencent.timpush:xiaomi:8.1.6103] AndroidManifest.xml:20:13-37
257            android:initOrder="8001" /> <!-- 自实现小米推送的接收广播 -->
257-->[com.tencent.timpush:xiaomi:8.1.6103] AndroidManifest.xml:21:13-37
258        <receiver
258-->[com.tencent.timpush:xiaomi:8.1.6103] AndroidManifest.xml:24:9-36:20
259            android:name="com.tencent.timpush.xiaomi.TIMPushXiaoMiMsgReceiver"
259-->[com.tencent.timpush:xiaomi:8.1.6103] AndroidManifest.xml:25:13-79
260            android:exported="true" >
260-->[com.tencent.timpush:xiaomi:8.1.6103] AndroidManifest.xml:26:13-36
261            <intent-filter>
261-->[com.tencent.timpush:xiaomi:8.1.6103] AndroidManifest.xml:27:13-29:29
262                <action android:name="com.xiaomi.mipush.RECEIVE_MESSAGE" />
262-->[com.tencent.timpush:xiaomi:8.1.6103] AndroidManifest.xml:28:17-76
262-->[com.tencent.timpush:xiaomi:8.1.6103] AndroidManifest.xml:28:25-73
263            </intent-filter>
264            <intent-filter>
264-->[com.tencent.timpush:xiaomi:8.1.6103] AndroidManifest.xml:30:13-32:29
265                <action android:name="com.xiaomi.mipush.MESSAGE_ARRIVED" />
265-->[com.tencent.timpush:xiaomi:8.1.6103] AndroidManifest.xml:31:17-76
265-->[com.tencent.timpush:xiaomi:8.1.6103] AndroidManifest.xml:31:25-73
266            </intent-filter>
267            <intent-filter>
267-->[com.tencent.timpush:xiaomi:8.1.6103] AndroidManifest.xml:33:13-35:29
268                <action android:name="com.xiaomi.mipush.ERROR" />
268-->[com.tencent.timpush:xiaomi:8.1.6103] AndroidManifest.xml:34:17-66
268-->[com.tencent.timpush:xiaomi:8.1.6103] AndroidManifest.xml:34:25-63
269            </intent-filter>
270        </receiver>
271
272        <provider
272-->[com.tencent.timpush:meizu:8.1.6103] AndroidManifest.xml:29:9-34:40
273            android:name="com.tencent.timpush.meizu.TIMPushMeiZuService"
273-->[com.tencent.timpush:meizu:8.1.6103] AndroidManifest.xml:30:13-73
274            android:authorities="com.tencent.qcloud.tim.tuikit.meizuPush.Init"
274-->[com.tencent.timpush:meizu:8.1.6103] AndroidManifest.xml:31:13-66
275            android:enabled="true"
275-->[com.tencent.timpush:meizu:8.1.6103] AndroidManifest.xml:32:13-35
276            android:exported="false"
276-->[com.tencent.timpush:meizu:8.1.6103] AndroidManifest.xml:33:13-37
277            android:initOrder="8001" /> <!-- ********魅族推送设置start******** -->
277-->[com.tencent.timpush:meizu:8.1.6103] AndroidManifest.xml:34:13-37
278        <receiver
278-->[com.tencent.timpush:meizu:8.1.6103] AndroidManifest.xml:37:9-54:20
279            android:name="com.tencent.timpush.meizu.TIMPushMeiZuReceiver"
279-->[com.tencent.timpush:meizu:8.1.6103] AndroidManifest.xml:38:13-74
280            android:exported="true" >